#
# There is insufficient memory for the Java Runtime Environment to continue.
# Native memory allocation (malloc) failed to allocate 38672 bytes for Chunk::new
# Possible reasons:
#   The system is out of physical RAM or swap space
#   The process is running with CompressedOops enabled, and the Java Heap may be blocking the growth of the native heap
# Possible solutions:
#   Reduce memory load on the system
#   Increase physical memory or swap space
#   Check if swap backing store is full
#   Decrease Java heap size (-Xmx/-Xms)
#   Decrease number of Java threads
#   Decrease Java thread stack sizes (-Xss)
#   Set larger code cache with -XX:ReservedCodeCacheSize=
#   JVM is running with Unscaled Compressed Oops mode in which the Java heap is
#     placed in the first 4GB address space. The Java Heap base address is the
#     maximum limit for the native heap growth. Please use -XX:HeapBaseMinAddress
#     to set the Java Heap base and to place the Java Heap above 4GB virtual address.
# This output file may be truncated or incomplete.
#
#  Out of Memory Error (allocation.cpp:389), pid=2676, tid=0x000000000000110c
#
# JRE version: OpenJDK Runtime Environment (8.0_242-b01) (build 1.8.0_242-release-1644-b01)
# Java VM: OpenJDK 64-Bit Server VM (25.242-b01 mixed mode windows-amd64 compressed oops)
# Failed to write core dump. Minidumps are not enabled by default on client versions of Windows
#

---------------  T H R E A D  ---------------

Current thread (0x0000000015f3f000):  JavaThread "C1 CompilerThread2" daemon [_thread_in_native, id=4364, stack(0x0000000017750000,0x0000000017850000)]

Stack: [0x0000000017750000,0x0000000017850000]
[error occurred during error reporting (printing stack bounds), id 0xc0000005]

Native frames: (J=compiled Java code, j=interpreted, Vv=VM code, C=native code)


Current CompileTask:
C1:3921425 23307       3       com.android.tools.r8.u.c.N::a (3568 bytes)


---------------  P R O C E S S  ---------------

Java Threads: ( => current thread )
  0x000000001875d000 JavaThread "ForkJoinPool.commonPool-worker-0" daemon [_thread_blocked, id=9456, stack(0x000000002b660000,0x000000002b760000)]
  0x000000002103a800 JavaThread "ForkJoinPool.commonPool-worker-3" daemon [_thread_blocked, id=1896, stack(0x000000002b560000,0x000000002b660000)]
  0x0000000021039800 JavaThread "ForkJoinPool.commonPool-worker-2" daemon [_thread_blocked, id=9796, stack(0x000000002b460000,0x000000002b560000)]
  0x0000000021030800 JavaThread "WorkerExecutor Queue Thread 5" [_thread_blocked, id=11500, stack(0x000000002ad60000,0x000000002ae60000)]
  0x0000000021033800 JavaThread "Cache worker for Java compile cache (C:\Users\White_Tiger\Desktop\BTLAndroid\.gradle\5.6.4\javaCompile)" [_thread_blocked, id=11820, stack(0x000000002a660000,0x000000002a760000)]
  0x000000002102c000 JavaThread "Cache worker for Java compile cache (C:\Users\White_Tiger\.gradle\caches\5.6.4\javaCompile)" [_thread_blocked, id=7736, stack(0x0000000027370000,0x0000000027470000)]
  0x000000002102e000 JavaThread "stdout" [_thread_in_native, id=5864, stack(0x0000000026c20000,0x0000000026d20000)]
  0x000000002102d800 JavaThread "stderr" [_thread_in_native, id=11100, stack(0x0000000026b20000,0x0000000026c20000)]
  0x000000001c5ae800 JavaThread "stdout" [_thread_in_native, id=8244, stack(0x0000000026a20000,0x0000000026b20000)]
  0x000000001c5b4000 JavaThread "stderr" [_thread_in_native, id=10476, stack(0x0000000026920000,0x0000000026a20000)]
  0x000000001c5b3000 JavaThread "stdout" [_thread_in_native, id=7516, stack(0x0000000026820000,0x0000000026920000)]
  0x000000001c5a7000 JavaThread "stderr" [_thread_in_native, id=332, stack(0x0000000026720000,0x0000000026820000)]
  0x000000001c5a8800 JavaThread "stdout" [_thread_in_native, id=8828, stack(0x0000000026620000,0x0000000026720000)]
  0x000000001c5ad000 JavaThread "stderr" [_thread_in_native, id=7464, stack(0x0000000026520000,0x0000000026620000)]
  0x000000001c5ae000 JavaThread "pool-38-thread-1" [_thread_blocked, id=7088, stack(0x0000000026420000,0x0000000026520000)]
  0x000000001c5a5000 JavaThread "WorkerExecutor Queue Thread 4" [_thread_blocked, id=5204, stack(0x0000000026320000,0x0000000026420000)]
  0x000000001c5a6800 JavaThread "WorkerExecutor Queue Thread 3" [_thread_blocked, id=10672, stack(0x0000000026220000,0x0000000026320000)]
  0x000000001c5aa000 JavaThread "WorkerExecutor Queue Thread 2" [_thread_blocked, id=11908, stack(0x0000000026120000,0x0000000026220000)]
  0x000000001c5a9800 JavaThread "Cache worker for execution history cache (C:\Users\White_Tiger\Desktop\BTLAndroid\.gradle\5.6.4\executionHistory)" [_thread_blocked, id=9452, stack(0x00000000259c0000,0x0000000025ac0000)]
  0x000000001d432800 JavaThread "Execution worker for ':' Thread 3" [_thread_blocked, id=1576, stack(0x0000000025d20000,0x0000000025e20000)]
  0x000000001d431000 JavaThread "Execution worker for ':' Thread 2" [_thread_in_vm, id=7656, stack(0x0000000025c20000,0x0000000025d20000)]
  0x000000001d430000 JavaThread "Execution worker for ':'" [_thread_in_vm, id=12172, stack(0x0000000025b20000,0x0000000025c20000)]
  0x000000001d433000 JavaThread "Cache worker for file content cache (C:\Users\White_Tiger\Desktop\BTLAndroid\.gradle\5.6.4\fileContent)" [_thread_blocked, id=4400, stack(0x00000000258c0000,0x00000000259c0000)]
  0x000000001d42f800 JavaThread "Cache worker for Build Output Cleanup Cache (C:\Users\White_Tiger\Desktop\BTLAndroid\.gradle\buildOutputCleanup)" [_thread_blocked, id=8688, stack(0x0000000023860000,0x0000000023960000)]
  0x000000001d42e800 JavaThread "Build operations Thread 4" [_thread_blocked, id=12204, stack(0x0000000021f20000,0x0000000022020000)]
  0x000000001d431800 JavaThread "Build operations Thread 3" [_thread_blocked, id=5796, stack(0x00000000209c0000,0x0000000020ac0000)]
  0x000000001d427000 JavaThread "Build operations Thread 2" [_thread_blocked, id=11224, stack(0x000000001f4a0000,0x000000001f5a0000)]
  0x000000001d42e000 JavaThread "Build operations" [_thread_blocked, id=6856, stack(0x000000001eaa0000,0x000000001eba0000)]
  0x000000001d426800 JavaThread "Cache worker for cache directory md-rule (C:\Users\White_Tiger\.gradle\caches\5.6.4\md-rule)" [_thread_blocked, id=10940, stack(0x000000001e2e0000,0x000000001e3e0000)]
  0x000000001d42d000 JavaThread "Cache worker for cache directory md-supplier (C:\Users\White_Tiger\.gradle\caches\5.6.4\md-supplier)" [_thread_blocked, id=7340, stack(0x000000001cf40000,0x000000001d040000)]
  0x000000001d425800 JavaThread "Cache worker for file hash cache (C:\Users\White_Tiger\Desktop\BTLAndroid\.gradle\5.6.4\fileHashes)" [_thread_in_native, id=10016, stack(0x000000001b770000,0x000000001b870000)]
  0x000000001d42c800 JavaThread "Thread-199" [_thread_blocked, id=7996, stack(0x000000001b470000,0x000000001b570000)]
  0x000000001d425000 JavaThread "Stdin handler" [_thread_blocked, id=9252, stack(0x000000001b370000,0x000000001b470000)]
  0x000000001d42b000 JavaThread "Asynchronous log dispatcher for DefaultDaemonConnection: socket connection from /127.0.0.1:63036 to /127.0.0.1:63459" [_thread_blocked, id=5856, stack(0x000000001b070000,0x000000001b170000)]
  0x000000001d428800 JavaThread "Daemon worker Thread 10" [_thread_blocked, id=8860, stack(0x000000001af70000,0x000000001b070000)]
  0x000000001d42a000 JavaThread "Cancel handler" [_thread_blocked, id=5532, stack(0x00000000008f0000,0x00000000009f0000)]
  0x000000001d428000 JavaThread "Handler for socket connection from /127.0.0.1:63036 to /127.0.0.1:63459" [_thread_in_native, id=11292, stack(0x00000000007f0000,0x00000000008f0000)]
  0x000000001d42b800 JavaThread "Daemon Thread 10" [_thread_blocked, id=4840, stack(0x00000000005d0000,0x00000000006d0000)]
  0x0000000021036800 JavaThread "MarlinRenderer Disposer" daemon [_thread_blocked, id=10184, stack(0x0000000027070000,0x0000000027170000)]
  0x0000000021035000 JavaThread "Java2D Disposer" daemon [_thread_blocked, id=11440, stack(0x0000000026f40000,0x0000000027040000)]
  0x000000001c5b1800 JavaThread "Cache worker for file content cache (C:\Users\White_Tiger\.gradle\caches\5.6.4\fileContent)" [_thread_blocked, id=8640, stack(0x0000000023b60000,0x0000000023c60000)]
  0x000000001875e000 JavaThread "Memory manager" [_thread_blocked, id=11236, stack(0x0000000022e60000,0x0000000022f60000)]
  0x0000000018759800 JavaThread "Cache worker for execution history cache (C:\Users\White_Tiger\.gradle\caches\5.6.4\executionHistory)" [_thread_blocked, id=8600, stack(0x000000001eba0000,0x000000001eca0000)]
  0x0000000019bac000 JavaThread "Cache worker for journal cache (C:\Users\White_Tiger\.gradle\caches\journal-1)" [_thread_blocked, id=2640, stack(0x000000001bc70000,0x000000001bd70000)]
  0x0000000019bac800 JavaThread "File lock request listener" [_thread_in_native, id=6032, stack(0x000000001bb70000,0x000000001bc70000)]
  0x0000000019bad800 JavaThread "Cache worker for file hash cache (C:\Users\White_Tiger\.gradle\caches\5.6.4\fileHashes)" [_thread_blocked, id=4448, stack(0x000000001ba70000,0x000000001bb70000)]
  0x0000000019807000 JavaThread "Daemon periodic checks" [_thread_blocked, id=10428, stack(0x000000001ae70000,0x000000001af70000)]
  0x0000000019800800 JavaThread "Incoming local TCP Connector on port 63036" [_thread_in_native, id=11864, stack(0x000000001ac30000,0x000000001ad30000)]
  0x00000000196ff800 JavaThread "Daemon health stats" [_thread_blocked, id=2088, stack(0x000000001a5f0000,0x000000001a6f0000)]
  0x0000000017871800 JavaThread "Service Thread" daemon [_thread_blocked, id=7064, stack(0x0000000017c50000,0x0000000017d50000)]
=>0x0000000015f3f000 JavaThread "C1 CompilerThread2" daemon [_thread_in_native, id=4364, stack(0x0000000017750000,0x0000000017850000)]
  0x0000000015f01000 JavaThread "C2 CompilerThread1" daemon [_thread_in_native, id=3936, stack(0x0000000017650000,0x0000000017750000)]
  0x0000000015ef4000 JavaThread "C2 CompilerThread0" daemon [_thread_in_native, id=4680, stack(0x0000000017550000,0x0000000017650000)]
  0x0000000015ef2800 JavaThread "Attach Listener" daemon [_thread_blocked, id=10924, stack(0x0000000017450000,0x0000000017550000)]
  0x0000000015ef1000 JavaThread "Signal Dispatcher" daemon [_thread_blocked, id=4176, stack(0x0000000017350000,0x0000000017450000)]
  0x000000000257b000 JavaThread "Finalizer" daemon [_thread_blocked, id=11668, stack(0x0000000017150000,0x0000000017250000)]
  0x0000000015ed9000 JavaThread "Reference Handler" daemon [_thread_blocked, id=1188, stack(0x0000000017050000,0x0000000017150000)]
  0x000000000247e800 JavaThread "main" [_thread_blocked, id=6804, stack(0x0000000002290000,0x0000000002390000)]

Other Threads:
  0x0000000015eb6000 VMThread [stack: 0x0000000016f50000,0x0000000017050000] [id=10800]
  0x0000000015f4d000 WatcherThread [stack: 0x0000000017d50000,0x0000000017e50000] [id=7676]

VM state:not at safepoint (normal execution)

VM Mutex/Monitor currently owned by a thread: None

heap address: 0x00000000a0000000, size: 1536 MB, Compressed Oops mode: 32-bit
Narrow klass base: 0x0000000000000000, Narrow klass shift: 3
Compressed class space size: 1073741824 Address: 0x0000000100000000

Heap:
 PSYoungGen      total 208384K, used 116407K [0x00000000e0000000, 0x00000000ef180000, 0x0000000100000000)
  eden space 184320K, 52% used [0x00000000e0000000,0x00000000e5f63b50,0x00000000eb400000)
  from space 24064K, 77% used [0x00000000eb400000,0x00000000ec64a208,0x00000000ecb80000)
  to   space 25600K, 0% used [0x00000000ed880000,0x00000000ed880000,0x00000000ef180000)
 ParOldGen       total 192512K, used 50616K [0x00000000a0000000, 0x00000000abc00000, 0x00000000e0000000)
  object space 192512K, 26% used [0x00000000a0000000,0x00000000a316e110,0x00000000abc00000)
 Metaspace       used 109485K, capacity 115262K, committed 115584K, reserved 1148928K
  class space    used 13895K, capacity 14978K, committed 15232K, reserved 1048576K

Card table byte_map: [0x0000000011940000,0x0000000011c50000] byte_map_base: 0x0000000011440000

Marking Bits: (ParMarkBitMap*) 0x000000005dc8f030
 Begin Bits: [0x0000000012250000, 0x0000000013a50000)
 End Bits:   [0x0000000013a50000, 0x0000000015250000)

Polling page: 0x00000000006d0000

CodeCache: size=245760Kb used=67891Kb max_used=67891Kb free=177868Kb
 bounds [0x0000000002580000, 0x0000000006820000, 0x0000000011580000]
 total_blobs=20117 nmethods=19068 adapters=960
 compilation: enabled

Compilation events (10 events):
Event: 3921.398 Thread 0x0000000015f3f000 nmethod 23306 0x000000000681a750 code [0x000000000681a920, 0x000000000681aee8]
Event: 3921.398 Thread 0x0000000015f3f000 23303       3       com.android.tools.r8.graph.r::b (108 bytes)
Event: 3921.398 Thread 0x0000000015f3f000 nmethod 23303 0x000000000681b110 code [0x000000000681b360, 0x000000000681c108]
Event: 3921.398 Thread 0x0000000015f3f000 23304       3       com.android.tools.r8.u.b.l::a (372 bytes)
Event: 3921.400 Thread 0x0000000015f3f000 nmethod 23304 0x000000000681c510 code [0x000000000681c7a0, 0x000000000681d868]
Event: 3921.400 Thread 0x0000000015f3f000 23312  s    3       com.android.tools.r8.u.c.N::g (38 bytes)
Event: 3921.400 Thread 0x0000000015f3f000 nmethod 23312 0x000000000681de50 code [0x000000000681dfe0, 0x000000000681e578]
Event: 3921.400 Thread 0x0000000015f3f000 23311       3       java.util.IdentityHashMap$Values::size (8 bytes)
Event: 3921.400 Thread 0x0000000015f3f000 nmethod 23311 0x000000000681e7d0 code [0x000000000681e920, 0x000000000681ea70]
Event: 3921.400 Thread 0x0000000015f3f000 23307       3       com.android.tools.r8.u.c.N::a (3568 bytes)

GC Heap History (10 events):
Event: 3902.091 GC heap before
{Heap before GC invocations=25 (full 3):
 PSYoungGen      total 190464K, used 158755K [0x00000000e0000000, 0x00000000ee780000, 0x0000000100000000)
  eden space 175616K, 82% used [0x00000000e0000000,0x00000000e8cc69e8,0x00000000eab80000)
  from space 14848K, 98% used [0x00000000eca00000,0x00000000ed842260,0x00000000ed880000)
  to   space 15360K, 0% used [0x00000000ed880000,0x00000000ed880000,0x00000000ee780000)
 ParOldGen       total 128512K, used 55443K [0x00000000a0000000, 0x00000000a7d80000, 0x00000000e0000000)
  object space 128512K, 43% used [0x00000000a0000000,0x00000000a3624f70,0x00000000a7d80000)
 Metaspace       used 92575K, capacity 98476K, committed 98560K, reserved 1134592K
  class space    used 11803K, capacity 12996K, committed 13056K, reserved 1048576K
Event: 3902.128 GC heap after
Heap after GC invocations=25 (full 3):
 PSYoungGen      total 185344K, used 15232K [0x00000000e0000000, 0x00000000ee780000, 0x0000000100000000)
  eden space 169984K, 0% used [0x00000000e0000000,0x00000000e0000000,0x00000000ea600000)
  from space 15360K, 99% used [0x00000000ed880000,0x00000000ee760230,0x00000000ee780000)
  to   space 26112K, 0% used [0x00000000eb480000,0x00000000eb480000,0x00000000ece00000)
 ParOldGen       total 128512K, used 55451K [0x00000000a0000000, 0x00000000a7d80000, 0x00000000e0000000)
  object space 128512K, 43% used [0x00000000a0000000,0x00000000a3626f70,0x00000000a7d80000)
 Metaspace       used 92575K, capacity 98476K, committed 98560K, reserved 1134592K
  class space    used 11803K, capacity 12996K, committed 13056K, reserved 1048576K
}
Event: 3902.128 GC heap before
{Heap before GC invocations=26 (full 4):
 PSYoungGen      total 185344K, used 15232K [0x00000000e0000000, 0x00000000ee780000, 0x0000000100000000)
  eden space 169984K, 0% used [0x00000000e0000000,0x00000000e0000000,0x00000000ea600000)
  from space 15360K, 99% used [0x00000000ed880000,0x00000000ee760230,0x00000000ee780000)
  to   space 26112K, 0% used [0x00000000eb480000,0x00000000eb480000,0x00000000ece00000)
 ParOldGen       total 128512K, used 55451K [0x00000000a0000000, 0x00000000a7d80000, 0x00000000e0000000)
  object space 128512K, 43% used [0x00000000a0000000,0x00000000a3626f70,0x00000000a7d80000)
 Metaspace       used 92575K, capacity 98476K, committed 98560K, reserved 1134592K
  class space    used 11803K, capacity 12996K, committed 13056K, reserved 1048576K
Event: 3902.726 GC heap after
Heap after GC invocations=26 (full 4):
 PSYoungGen      total 185344K, used 0K [0x00000000e0000000, 0x00000000ee780000, 0x0000000100000000)
  eden space 169984K, 0% used [0x00000000e0000000,0x00000000e0000000,0x00000000ea600000)
  from space 15360K, 0% used [0x00000000ed880000,0x00000000ed880000,0x00000000ee780000)
  to   space 26112K, 0% used [0x00000000eb480000,0x00000000eb480000,0x00000000ece00000)
 ParOldGen       total 192512K, used 50592K [0x00000000a0000000, 0x00000000abc00000, 0x00000000e0000000)
  object space 192512K, 26% used [0x00000000a0000000,0x00000000a3168110,0x00000000abc00000)
 Metaspace       used 91692K, capacity 96364K, committed 98560K, reserved 1134592K
  class space    used 11569K, capacity 12487K, committed 13056K, reserved 1048576K
}
Event: 3907.280 GC heap before
{Heap before GC invocations=27 (full 4):
 PSYoungGen      total 185344K, used 169984K [0x00000000e0000000, 0x00000000ee780000, 0x0000000100000000)
  eden space 169984K, 100% used [0x00000000e0000000,0x00000000ea600000,0x00000000ea600000)
  from space 15360K, 0% used [0x00000000ed880000,0x00000000ed880000,0x00000000ee780000)
  to   space 26112K, 0% used [0x00000000eb480000,0x00000000eb480000,0x00000000ece00000)
 ParOldGen       total 192512K, used 50592K [0x00000000a0000000, 0x00000000abc00000, 0x00000000e0000000)
  object space 192512K, 26% used [0x00000000a0000000,0x00000000a3168110,0x00000000abc00000)
 Metaspace       used 94273K, capacity 99016K, committed 100096K, reserved 1136640K
  class space    used 11886K, capacity 12759K, committed 13056K, reserved 1048576K
Event: 3907.301 GC heap after
Heap after GC invocations=27 (full 4):
 PSYoungGen      total 192512K, used 9143K [0x00000000e0000000, 0x00000000ee400000, 0x0000000100000000)
  eden space 183296K, 0% used [0x00000000e0000000,0x00000000e0000000,0x00000000eb300000)
  from space 9216K, 99% used [0x00000000eb480000,0x00000000ebd6dc98,0x00000000ebd80000)
  to   space 25088K, 0% used [0x00000000ecb80000,0x00000000ecb80000,0x00000000ee400000)
 ParOldGen       total 192512K, used 50600K [0x00000000a0000000, 0x00000000abc00000, 0x00000000e0000000)
  object space 192512K, 26% used [0x00000000a0000000,0x00000000a316a110,0x00000000abc00000)
 Metaspace       used 94273K, capacity 99016K, committed 100096K, reserved 1136640K
  class space    used 11886K, capacity 12759K, committed 13056K, reserved 1048576K
}
Event: 3913.645 GC heap before
{Heap before GC invocations=28 (full 4):
 PSYoungGen      total 192512K, used 192439K [0x00000000e0000000, 0x00000000ee400000, 0x0000000100000000)
  eden space 183296K, 100% used [0x00000000e0000000,0x00000000eb300000,0x00000000eb300000)
  from space 9216K, 99% used [0x00000000eb480000,0x00000000ebd6dc98,0x00000000ebd80000)
  to   space 25088K, 0% used [0x00000000ecb80000,0x00000000ecb80000,0x00000000ee400000)
 ParOldGen       total 192512K, used 50600K [0x00000000a0000000, 0x00000000abc00000, 0x00000000e0000000)
  object space 192512K, 26% used [0x00000000a0000000,0x00000000a316a110,0x00000000abc00000)
 Metaspace       used 99943K, capacity 104760K, committed 105984K, reserved 1140736K
  class space    used 12556K, capacity 13435K, committed 13824K, reserved 1048576K
Event: 3913.674 GC heap after
Heap after GC invocations=28 (full 4):
 PSYoungGen      total 209408K, used 8824K [0x00000000e0000000, 0x00000000ef080000, 0x0000000100000000)
  eden space 184320K, 0% used [0x00000000e0000000,0x00000000e0000000,0x00000000eb400000)
  from space 25088K, 35% used [0x00000000ecb80000,0x00000000ed41e068,0x00000000ee400000)
  to   space 24064K, 0% used [0x00000000eb400000,0x00000000eb400000,0x00000000ecb80000)
 ParOldGen       total 192512K, used 50608K [0x00000000a0000000, 0x00000000abc00000, 0x00000000e0000000)
  object space 192512K, 26% used [0x00000000a0000000,0x00000000a316c110,0x00000000abc00000)
 Metaspace       used 99943K, capacity 104760K, committed 105984K, reserved 1140736K
  class space    used 12556K, capacity 13435K, committed 13824K, reserved 1048576K
}
Event: 3919.191 GC heap before
{Heap before GC invocations=29 (full 4):
 PSYoungGen      total 209408K, used 193144K [0x00000000e0000000, 0x00000000ef080000, 0x0000000100000000)
  eden space 184320K, 100% used [0x00000000e0000000,0x00000000eb400000,0x00000000eb400000)
  from space 25088K, 35% used [0x00000000ecb80000,0x00000000ed41e068,0x00000000ee400000)
  to   space 24064K, 0% used [0x00000000eb400000,0x00000000eb400000,0x00000000ecb80000)
 ParOldGen       total 192512K, used 50608K [0x00000000a0000000, 0x00000000abc00000, 0x00000000e0000000)
  object space 192512K, 26% used [0x00000000a0000000,0x00000000a316c110,0x00000000abc00000)
 Metaspace       used 105369K, capacity 110634K, committed 111360K, reserved 1146880K
  class space    used 13367K, capacity 14346K, committed 14592K, reserved 1048576K
Event: 3919.223 GC heap after
Heap after GC invocations=29 (full 4):
 PSYoungGen      total 208384K, used 18728K [0x00000000e0000000, 0x00000000ef180000, 0x0000000100000000)
  eden space 184320K, 0% used [0x00000000e0000000,0x00000000e0000000,0x00000000eb400000)
  from space 24064K, 77% used [0x00000000eb400000,0x00000000ec64a208,0x00000000ecb80000)
  to   space 25600K, 0% used [0x00000000ed880000,0x00000000ed880000,0x00000000ef180000)
 ParOldGen       total 192512K, used 50616K [0x00000000a0000000, 0x00000000abc00000, 0x00000000e0000000)
  object space 192512K, 26% used [0x00000000a0000000,0x00000000a316e110,0x00000000abc00000)
 Metaspace       used 105369K, capacity 110634K, committed 111360K, reserved 1146880K
  class space    used 13367K, capacity 14346K, committed 14592K, reserved 1048576K
}

Deoptimization events (10 events):
Event: 3921.156 Thread 0x000000001d430000 Uncommon trap: reason=class_check action=maybe_recompile pc=0x000000000652e844 method=com.android.tools.r8.u.b.r.size()I @ 42
Event: 3921.157 Thread 0x000000001d430000 Uncommon trap: reason=class_check action=maybe_recompile pc=0x000000000652e844 method=com.android.tools.r8.u.b.r.size()I @ 42
Event: 3921.260 Thread 0x000000001d431000 Uncommon trap: reason=unstable_if action=reinterpret pc=0x00000000064dc7e4 method=com.android.tools.r8.u.b.l.b(ILcom/android/tools/r8/u/b/l$c;)Z @ 4
Event: 3921.262 Thread 0x000000001d430000 Uncommon trap: reason=class_check action=maybe_recompile pc=0x000000000659b4ec method=com.android.tools.r8.u.b.n.remove()V @ 132
Event: 3921.262 Thread 0x000000001d430000 Uncommon trap: reason=class_check action=maybe_recompile pc=0x000000000659b4ec method=com.android.tools.r8.u.b.n.remove()V @ 132
Event: 3921.262 Thread 0x000000001d430000 Uncommon trap: reason=class_check action=maybe_recompile pc=0x000000000659b4ec method=com.android.tools.r8.u.b.n.remove()V @ 132
Event: 3921.381 Thread 0x000000001d431000 Uncommon trap: reason=bimorphic action=maybe_recompile pc=0x00000000067dbed0 method=com.android.tools.r8.ir.regalloc.LinearScanRegisterAllocator.getRegisterForValue(Lcom/android/tools/r8/u/b/g1;I)I @ 1
Event: 3921.381 Thread 0x000000001d431000 Uncommon trap: reason=bimorphic action=maybe_recompile pc=0x00000000067dbed0 method=com.android.tools.r8.ir.regalloc.LinearScanRegisterAllocator.getRegisterForValue(Lcom/android/tools/r8/u/b/g1;I)I @ 1
Event: 3921.381 Thread 0x000000001d431000 Uncommon trap: reason=bimorphic action=maybe_recompile pc=0x00000000067dbed0 method=com.android.tools.r8.ir.regalloc.LinearScanRegisterAllocator.getRegisterForValue(Lcom/android/tools/r8/u/b/g1;I)I @ 1
Event: 3921.381 Thread 0x000000001d431000 Uncommon trap: reason=bimorphic action=maybe_recompile pc=0x00000000067dbed0 method=com.android.tools.r8.ir.regalloc.LinearScanRegisterAllocator.getRegisterForValue(Lcom/android/tools/r8/u/b/g1;I)I @ 1

Classes redefined (0 events):
No events

Internal exceptions (10 events):
Event: 3920.422 Thread 0x000000001c5aa000 Exception <a 'sun/nio/fs/WindowsException'> (0x00000000e282a6d8) thrown at [C:\src\AOSP-openjdk-git\hotspot\src\share\vm\prims\jni.cpp, line 710]
Event: 3920.469 Thread 0x000000001c5aa000 Exception <a 'sun/nio/fs/WindowsException'> (0x00000000e283d590) thrown at [C:\src\AOSP-openjdk-git\hotspot\src\share\vm\prims\jni.cpp, line 710]
Event: 3920.471 Thread 0x000000001c5aa000 Exception <a 'sun/nio/fs/WindowsException'> (0x00000000e2843f20) thrown at [C:\src\AOSP-openjdk-git\hotspot\src\share\vm\prims\jni.cpp, line 710]
Event: 3920.474 Thread 0x000000001c5aa000 Exception <a 'sun/nio/fs/WindowsException'> (0x00000000e2bde7a8) thrown at [C:\src\AOSP-openjdk-git\hotspot\src\share\vm\prims\jni.cpp, line 710]
Event: 3920.477 Thread 0x000000001c5aa000 Exception <a 'sun/nio/fs/WindowsException'> (0x00000000e2beab38) thrown at [C:\src\AOSP-openjdk-git\hotspot\src\share\vm\prims\jni.cpp, line 710]
Event: 3920.479 Thread 0x000000001c5aa000 Exception <a 'sun/nio/fs/WindowsException'> (0x00000000e2bf2608) thrown at [C:\src\AOSP-openjdk-git\hotspot\src\share\vm\prims\jni.cpp, line 710]
Event: 3920.481 Thread 0x000000001c5aa000 Exception <a 'sun/nio/fs/WindowsException'> (0x00000000e2bfa0f8) thrown at [C:\src\AOSP-openjdk-git\hotspot\src\share\vm\prims\jni.cpp, line 710]
Event: 3920.488 Thread 0x000000001c5aa000 Exception <a 'sun/nio/fs/WindowsException'> (0x00000000e2c01aa8) thrown at [C:\src\AOSP-openjdk-git\hotspot\src\share\vm\prims\jni.cpp, line 710]
Event: 3920.772 Thread 0x000000001d431000 Exception <a 'sun/nio/fs/WindowsException'> (0x00000000e3be72d0) thrown at [C:\src\AOSP-openjdk-git\hotspot\src\share\vm\prims\jni.cpp, line 710]
Event: 3920.891 Thread 0x000000001d430000 Exception <a 'sun/nio/fs/WindowsException'> (0x00000000e4684820) thrown at [C:\src\AOSP-openjdk-git\hotspot\src\share\vm\prims\jni.cpp, line 710]

Events (10 events):
Event: 3921.381 Thread 0x000000001d431000 DEOPT UNPACKING pc=0x00000000025c557b sp=0x0000000025d1a8c8 mode 2
Event: 3921.381 Thread 0x000000001d431000 Uncommon trap: trap_request=0xffffffc6 fr.pc=0x00000000067dbed0
Event: 3921.381 Thread 0x000000001d431000 DEOPT PACKING pc=0x00000000067dbed0 sp=0x0000000025d1a910
Event: 3921.381 Thread 0x000000001d431000 DEOPT UNPACKING pc=0x00000000025c557b sp=0x0000000025d1a8c8 mode 2
Event: 3921.381 Thread 0x000000001d431000 Uncommon trap: trap_request=0xffffffc6 fr.pc=0x00000000067dbed0
Event: 3921.381 Thread 0x000000001d431000 DEOPT PACKING pc=0x00000000067dbed0 sp=0x0000000025d1abd0
Event: 3921.381 Thread 0x000000001d431000 DEOPT UNPACKING pc=0x00000000025c557b sp=0x0000000025d1ab70 mode 2
Event: 3921.381 Thread 0x000000001d431000 Uncommon trap: trap_request=0xffffffc6 fr.pc=0x00000000067dbed0
Event: 3921.381 Thread 0x000000001d431000 DEOPT PACKING pc=0x00000000067dbed0 sp=0x0000000025d1abd0
Event: 3921.381 Thread 0x000000001d431000 DEOPT UNPACKING pc=0x00000000025c557b sp=0x0000000025d1ab70 mode 2


Dynamic libraries:
0x00007ff7df440000 - 0x00007ff7df471000 	C:\Program Files\Android\Android Studio\jre\bin\java.exe
0x00007ffb00100000 - 0x00007ffb002f0000 	C:\Windows\SYSTEM32\ntdll.dll
0x00007ffaff500000 - 0x00007ffaff5b2000 	C:\Windows\System32\KERNEL32.DLL
0x00007ffafdb50000 - 0x00007ffafddf4000 	C:\Windows\System32\KERNELBASE.dll
0x00007ffafeba0000 - 0x00007ffafec43000 	C:\Windows\System32\ADVAPI32.dll
0x00007ffafe5c0000 - 0x00007ffafe65e000 	C:\Windows\System32\msvcrt.dll
0x00007ffafe510000 - 0x00007ffafe5a7000 	C:\Windows\System32\sechost.dll
0x00007ffaff6a0000 - 0x00007ffaff7c0000 	C:\Windows\System32\RPCRT4.dll
0x00007ffafe230000 - 0x00007ffafe3c4000 	C:\Windows\System32\USER32.dll
0x00007ffafe080000 - 0x00007ffafe0a1000 	C:\Windows\System32\win32u.dll
0x00007ffafff30000 - 0x00007ffafff56000 	C:\Windows\System32\GDI32.dll
0x00007ffafd910000 - 0x00007ffafdaa5000 	C:\Windows\System32\gdi32full.dll
0x00007ffafe0b0000 - 0x00007ffafe14e000 	C:\Windows\System32\msvcp_win.dll
0x00007ffafd810000 - 0x00007ffafd90a000 	C:\Windows\System32\ucrtbase.dll
0x00007ffaef6d0000 - 0x00007ffaef954000 	C:\Windows\WinSxS\amd64_microsoft.windows.common-controls_6595b64144ccf1df_6.0.18362.900_none_e6beb9d913147d17\COMCTL32.dll
0x00007ffaff7c0000 - 0x00007ffaffaf5000 	C:\Windows\System32\combase.dll
0x00007ffafdab0000 - 0x00007ffafdb30000 	C:\Windows\System32\bcryptPrimitives.dll
0x00007ffaffd60000 - 0x00007ffaffd8e000 	C:\Windows\System32\IMM32.DLL
0x000000005d300000 - 0x000000005d3d2000 	C:\Program Files\Android\Android Studio\jre\jre\bin\msvcr100.dll
0x000000005d4c0000 - 0x000000005dd0b000 	C:\Program Files\Android\Android Studio\jre\jre\bin\server\jvm.dll
0x00007ffafe5b0000 - 0x00007ffafe5b8000 	C:\Windows\System32\PSAPI.DLL
0x00007ffaf9830000 - 0x00007ffaf9839000 	C:\Windows\SYSTEM32\WSOCK32.dll
0x00007ffafb0f0000 - 0x00007ffafb114000 	C:\Windows\SYSTEM32\WINMM.dll
0x00007ffaffec0000 - 0x00007ffafff2f000 	C:\Windows\System32\WS2_32.dll
0x00007ffaf5690000 - 0x00007ffaf569a000 	C:\Windows\SYSTEM32\VERSION.dll
0x00007ffafb0c0000 - 0x00007ffafb0ed000 	C:\Windows\SYSTEM32\WINMMBASE.dll
0x00007ffafdf50000 - 0x00007ffafdf9a000 	C:\Windows\System32\cfgmgr32.dll
0x00007ffaf6640000 - 0x00007ffaf664f000 	C:\Program Files\Android\Android Studio\jre\jre\bin\verify.dll
0x00007ffaf0a40000 - 0x00007ffaf0a69000 	C:\Program Files\Android\Android Studio\jre\jre\bin\java.dll
0x00007ffaf6620000 - 0x00007ffaf6636000 	C:\Program Files\Android\Android Studio\jre\jre\bin\zip.dll
0x00007ffafec50000 - 0x00007ffaff336000 	C:\Windows\System32\SHELL32.dll
0x00007ffaff450000 - 0x00007ffaff4f9000 	C:\Windows\System32\shcore.dll
0x00007ffafd090000 - 0x00007ffafd810000 	C:\Windows\System32\windows.storage.dll
0x00007ffafd040000 - 0x00007ffafd063000 	C:\Windows\System32\profapi.dll
0x00007ffafcff0000 - 0x00007ffafd03a000 	C:\Windows\System32\powrprof.dll
0x00007ffafcfc0000 - 0x00007ffafcfd0000 	C:\Windows\System32\UMPDC.dll
0x00007ffaffe60000 - 0x00007ffaffeb2000 	C:\Windows\System32\shlwapi.dll
0x00007ffafcfd0000 - 0x00007ffafcfe1000 	C:\Windows\System32\kernel.appcore.dll
0x00007ffafdb30000 - 0x00007ffafdb47000 	C:\Windows\System32\cryptsp.dll
0x00007ffaef220000 - 0x00007ffaef23a000 	C:\Program Files\Android\Android Studio\jre\jre\bin\net.dll
0x00007ffafc7d0000 - 0x00007ffafc837000 	C:\Windows\system32\mswsock.dll
0x00007ffaef200000 - 0x00007ffaef213000 	C:\Program Files\Android\Android Studio\jre\jre\bin\nio.dll
0x00007ffae31b0000 - 0x00007ffae31d6000 	C:\Users\White_Tiger\.gradle\native\30\windows-amd64\native-platform.dll
0x00007ffaf0a30000 - 0x00007ffaf0a3d000 	C:\Program Files\Android\Android Studio\jre\jre\bin\management.dll
0x00007ffafc340000 - 0x00007ffafc373000 	C:\Windows\system32\rsaenh.dll
0x00007ffafe050000 - 0x00007ffafe076000 	C:\Windows\System32\bcrypt.dll
0x00007ffafcee0000 - 0x00007ffafcf05000 	C:\Windows\SYSTEM32\USERENV.dll
0x00007ffafc9a0000 - 0x00007ffafc9ac000 	C:\Windows\SYSTEM32\CRYPTBASE.dll
0x00007ffafc4e0000 - 0x00007ffafc51a000 	C:\Windows\SYSTEM32\IPHLPAPI.DLL
0x00007ffaff690000 - 0x00007ffaff698000 	C:\Windows\System32\NSI.dll
0x00007ffaf3730000 - 0x00007ffaf3746000 	C:\Windows\SYSTEM32\dhcpcsvc6.DLL
0x00007ffaf5470000 - 0x00007ffaf548c000 	C:\Windows\SYSTEM32\dhcpcsvc.DLL
0x00007ffafc520000 - 0x00007ffafc5eb000 	C:\Windows\SYSTEM32\DNSAPI.dll
0x00007ffae9ef0000 - 0x00007ffae9f14000 	C:\Program Files\Android\Android Studio\jre\jre\bin\sunec.dll
0x00007ffaedcb0000 - 0x00007ffaedcba000 	C:\Windows\System32\rasadhlp.dll
0x00007ffaf0f60000 - 0x00007ffaf0fd7000 	C:\Windows\System32\fwpuclnt.dll
0x00007ffaf0a00000 - 0x00007ffaf0a0b000 	C:\Program Files\Android\Android Studio\jre\jre\bin\sunmscapi.dll
0x00007ffafde00000 - 0x00007ffafdf49000 	C:\Windows\System32\CRYPT32.dll
0x00007ffafd070000 - 0x00007ffafd082000 	C:\Windows\System32\MSASN1.dll
0x00007ffafc020000 - 0x00007ffafc051000 	C:\Windows\SYSTEM32\ntmarta.dll
0x00007ffacf4e0000 - 0x00007ffacf67c000 	C:\Program Files\Android\Android Studio\jre\jre\bin\awt.dll
0x00007ffaffd90000 - 0x00007ffaffe55000 	C:\Windows\System32\OLEAUT32.dll
0x00007ffafb760000 - 0x00007ffafb78d000 	C:\Windows\SYSTEM32\dwmapi.dll
0x00007ffaf9ae0000 - 0x00007ffafa0a0000 	C:\Windows\SYSTEM32\d2d1.dll
0x00007ffafb030000 - 0x00007ffafb0bf000 	C:\Windows\SYSTEM32\apphelp.dll
0x00007ffafb330000 - 0x00007ffafb3c9000 	C:\Windows\system32\uxtheme.dll

VM Arguments:
jvm_args: -Xmx1536m -Dfile.encoding=windows-1252 -Duser.country=US -Duser.language=en -Duser.variant 
java_command: org.gradle.launcher.daemon.bootstrap.GradleDaemon 5.6.4
java_class_path (initial): C:\Users\White_Tiger\.gradle\wrapper\dists\gradle-5.6.4-all\ankdp27end7byghfw1q2sw75f\gradle-5.6.4\lib\gradle-launcher-5.6.4.jar
Launcher Type: SUN_STANDARD

Environment Variables:
JAVA_HOME=C:\Program Files\Java\jdk1.8.0_212
PATH=C:\Program Files (x86)\Common Files\Oracle\Java\javapath;C:\Windows\system32;C:\Windows;C:\Windows\System32\Wbem;C:\Windows\System32\WindowsPowerShell\v1.0\;C:\Windows\System32\OpenSSH\;C:\Program Files\Java\jdk1.8.0_212\bin;C:\Program Files\Git\cmd;C:\Program Files\apache-maven-3.6.3\bin;C:\Users\White_Tiger\AppData\Local\Android\Sdk\platform-tools;C:\Program Files (x86)\Micro Focus\Unified Functional Testing\bin;C:\Users\White_Tiger\AppData\Local\Programs\Python\Python38\Scripts\;C:\Users\White_Tiger\AppData\Local\Programs\Python\Python38\;C:\Program Files\MySQL\MySQL Shell 8.0\bin\;C:\Users\White_Tiger\AppData\Local\Microsoft\WindowsApps;;C:\Users\White_Tiger\AppData\Local\Programs\Microsoft VS Code\bin
USERNAME=White_Tiger
OS=Windows_NT
PROCESSOR_IDENTIFIER=Intel64 Family 6 Model 78 Stepping 3, GenuineIntel



---------------  S Y S T E M  ---------------

OS: Windows 10.0 , 64 bit Build 18362 (10.0.18362.900)

CPU:total 4 (initial active 4) (2 cores per cpu, 2 threads per core) family 6 model 78 stepping 3, cmov, cx8, fxsr, mmx, sse, sse2, sse3, ssse3, sse4.1, sse4.2, popcnt, avx, avx2, aes, clmul, erms, 3dnowpref, lzcnt, ht, tsc, tscinvbit, bmi1, bmi2, adx

Memory: 4k page, physical 8080924k(642248k free), swap 8080924k(5152k free)

vm_info: OpenJDK 64-Bit Server VM (25.242-b01) for windows-amd64 JRE (1.8.0_242-release-1644-b01), built by "builder" with MS VC++ 10.0 (VS2010)

time: Thu Jun 25 23:58:07 2020
timezone: SE Asia Standard Time
elapsed time: 3921 seconds (0d 1h 5m 21s)

