#
# There is insufficient memory for the Java Runtime Environment to continue.
# Native memory allocation (malloc) failed to allocate 134096 bytes for Chunk::new
# Possible reasons:
#   The system is out of physical RAM or swap space
#   The process is running with CompressedOops enabled, and the Java Heap may be blocking the growth of the native heap
# Possible solutions:
#   Reduce memory load on the system
#   Increase physical memory or swap space
#   Check if swap backing store is full
#   Decrease Java heap size (-Xmx/-Xms)
#   Decrease number of Java threads
#   Decrease Java thread stack sizes (-Xss)
#   Set larger code cache with -XX:ReservedCodeCacheSize=
#   JVM is running with Unscaled Compressed Oops mode in which the Java heap is
#     placed in the first 4GB address space. The Java Heap base address is the
#     maximum limit for the native heap growth. Please use -XX:HeapBaseMinAddress
#     to set the Java Heap base and to place the Java Heap above 4GB virtual address.
# This output file may be truncated or incomplete.
#
#  Out of Memory Error (allocation.cpp:389), pid=9384, tid=0x0000000000001b7c
#
# JRE version: OpenJDK Runtime Environment (8.0_242-b01) (build 1.8.0_242-release-1644-b01)
# Java VM: OpenJDK 64-Bit Server VM (25.242-b01 mixed mode windows-amd64 compressed oops)
# Failed to write core dump. Minidumps are not enabled by default on client versions of Windows
#

---------------  T H R E A D  ---------------

Current thread (0x0000000016a14000):  JavaThread "C2 CompilerThread0" daemon [_thread_in_native, id=7036, stack(0x0000000018060000,0x0000000018160000)]

Stack: [0x0000000018060000,0x0000000018160000]
[error occurred during error reporting (printing stack bounds), id 0xc0000005]

Native frames: (J=compiled Java code, j=interpreted, Vv=VM code, C=native code)


Current CompileTask:
C2:   4344 1406 % !   4       java.util.concurrent.ConcurrentHashMap::transfer @ 99 (832 bytes)


---------------  P R O C E S S  ---------------

Java Threads: ( => current thread )
  0x000000001949b000 JavaThread "Thread-9" [_thread_blocked, id=10828, stack(0x000000001c280000,0x000000001c380000)]
  0x0000000019499800 JavaThread "Stdin handler" [_thread_blocked, id=1044, stack(0x000000001c180000,0x000000001c280000)]
  0x0000000019497000 JavaThread "Asynchronous log dispatcher for DefaultDaemonConnection: socket connection from /127.0.0.1:55319 to /127.0.0.1:55320" [_thread_blocked, id=9952, stack(0x000000001c080000,0x000000001c180000)]
  0x0000000019494800 JavaThread "Daemon worker" [_thread_in_vm, id=5904, stack(0x000000001bf80000,0x000000001c080000)]
  0x0000000018ac2000 JavaThread "Cancel handler" [_thread_blocked, id=620, stack(0x000000001be80000,0x000000001bf80000)]
  0x000000001a335800 JavaThread "Handler for socket connection from /127.0.0.1:55319 to /127.0.0.1:55320" [_thread_in_native, id=7888, stack(0x000000001bb80000,0x000000001bc80000)]
  0x000000001a332800 JavaThread "Daemon" [_thread_blocked, id=7472, stack(0x000000001ba80000,0x000000001bb80000)]
  0x000000001a355000 JavaThread "Daemon periodic checks" [_thread_blocked, id=4768, stack(0x000000001b980000,0x000000001ba80000)]
  0x000000001a353000 JavaThread "Incoming local TCP Connector on port 55319" [_thread_in_native, id=9200, stack(0x000000001b740000,0x000000001b840000)]
  0x0000000018405000 JavaThread "Daemon health stats" [_thread_blocked, id=10512, stack(0x000000001b100000,0x000000001b200000)]
  0x0000000018167000 JavaThread "Service Thread" daemon [_thread_blocked, id=8932, stack(0x0000000018760000,0x0000000018860000)]
  0x0000000016a6e000 JavaThread "C1 CompilerThread2" daemon [_thread_blocked, id=8916, stack(0x0000000018660000,0x0000000018760000)]
  0x0000000016a6c800 JavaThread "C2 CompilerThread1" daemon [_thread_in_native, id=10612, stack(0x0000000018560000,0x0000000018660000)]
=>0x0000000016a14000 JavaThread "C2 CompilerThread0" daemon [_thread_in_native, id=7036, stack(0x0000000018060000,0x0000000018160000)]
  0x0000000016a12800 JavaThread "Attach Listener" daemon [_thread_blocked, id=10080, stack(0x0000000017f60000,0x0000000018060000)]
  0x0000000016a11000 JavaThread "Signal Dispatcher" daemon [_thread_blocked, id=924, stack(0x0000000017e60000,0x0000000017f60000)]
  0x000000000300b800 JavaThread "Finalizer" daemon [_thread_blocked, id=7112, stack(0x0000000017c60000,0x0000000017d60000)]
  0x00000000169f9000 JavaThread "Reference Handler" daemon [_thread_blocked, id=3476, stack(0x0000000017b60000,0x0000000017c60000)]
  0x000000000120e800 JavaThread "main" [_thread_blocked, id=5376, stack(0x0000000001630000,0x0000000001730000)]

Other Threads:
  0x00000000169d6000 VMThread [stack: 0x0000000017a60000,0x0000000017b60000] [id=5608]
  0x0000000018168000 WatcherThread [stack: 0x0000000018860000,0x0000000018960000] [id=3316]

VM state:not at safepoint (normal execution)

VM Mutex/Monitor currently owned by a thread: None

heap address: 0x00000000a0000000, size: 1536 MB, Compressed Oops mode: 32-bit
Narrow klass base: 0x0000000000000000, Narrow klass shift: 3
Compressed class space size: 1073741824 Address: 0x0000000100000000

Heap:
 PSYoungGen      total 36864K, used 19259K [0x00000000e0000000, 0x00000000e4800000, 0x0000000100000000)
  eden space 31744K, 44% used [0x00000000e0000000,0x00000000e0dd2f88,0x00000000e1f00000)
  from space 5120K, 99% used [0x00000000e1f00000,0x00000000e23fc030,0x00000000e2400000)
  to   space 5120K, 0% used [0x00000000e4300000,0x00000000e4300000,0x00000000e4800000)
 ParOldGen       total 84992K, used 697K [0x00000000a0000000, 0x00000000a5300000, 0x00000000e0000000)
  object space 84992K, 0% used [0x00000000a0000000,0x00000000a00ae558,0x00000000a5300000)
 Metaspace       used 12646K, capacity 12988K, committed 13184K, reserved 1060864K
  class space    used 1713K, capacity 1836K, committed 1920K, reserved 1048576K

Card table byte_map: [0x0000000012460000,0x0000000012770000] byte_map_base: 0x0000000011f60000

Marking Bits: (ParMarkBitMap*) 0x000000005aaef030
 Begin Bits: [0x0000000012d70000, 0x0000000014570000)
 End Bits:   [0x0000000014570000, 0x0000000015d70000)

Polling page: 0x00000000011f0000

CodeCache: size=245760Kb used=5076Kb max_used=5085Kb free=240683Kb
 bounds [0x00000000030a0000, 0x00000000035a0000, 0x00000000120a0000]
 total_blobs=1782 nmethods=1407 adapters=288
 compilation: enabled

Compilation events (10 events):
Event: 4.318 Thread 0x0000000016a6e000 1403       3       org.gradle.internal.reflect.JavaMethod::of (10 bytes)
Event: 4.318 Thread 0x0000000016a6e000 nmethod 1403 0x0000000003595cd0 code [0x0000000003595e80, 0x0000000003596398]
Event: 4.319 Thread 0x0000000016a6c800 1404       4       java.util.concurrent.ConcurrentHashMap$Node::<init> (26 bytes)
Event: 4.319 Thread 0x0000000016a6c800 nmethod 1404 0x0000000003553f90 code [0x00000000035540c0, 0x0000000003554158]
Event: 4.330 Thread 0x0000000016a6e000 1405       3       java.lang.Thread::interrupted (8 bytes)
Event: 4.330 Thread 0x0000000016a6e000 nmethod 1405 0x0000000003598b90 code [0x0000000003598d00, 0x0000000003598e88]
Event: 4.331 Thread 0x0000000016a14000 1406 % !   4       java.util.concurrent.ConcurrentHashMap::transfer @ 99 (832 bytes)
Event: 4.333 Thread 0x0000000016a6c800 1407   !   4       java.lang.ClassLoader::loadClass (122 bytes)
Event: 4.339 Thread 0x0000000016a6e000 1409       3       java.io.OutputStream::<init> (5 bytes)
Event: 4.339 Thread 0x0000000016a6e000 nmethod 1409 0x0000000003598790 code [0x0000000003598900, 0x0000000003598ab0]

GC Heap History (6 events):
Event: 1.903 GC heap before
{Heap before GC invocations=1 (full 0):
 PSYoungGen      total 36864K, used 31744K [0x00000000e0000000, 0x00000000e2900000, 0x0000000100000000)
  eden space 31744K, 100% used [0x00000000e0000000,0x00000000e1f00000,0x00000000e1f00000)
  from space 5120K, 0% used [0x00000000e2400000,0x00000000e2400000,0x00000000e2900000)
  to   space 5120K, 0% used [0x00000000e1f00000,0x00000000e1f00000,0x00000000e2400000)
 ParOldGen       total 84992K, used 0K [0x00000000a0000000, 0x00000000a5300000, 0x00000000e0000000)
  object space 84992K, 0% used [0x00000000a0000000,0x00000000a0000000,0x00000000a5300000)
 Metaspace       used 6822K, capacity 7056K, committed 7424K, reserved 1056768K
  class space    used 828K, capacity 908K, committed 1024K, reserved 1048576K
Event: 1.912 GC heap after
Heap after GC invocations=1 (full 0):
 PSYoungGen      total 36864K, used 4183K [0x00000000e0000000, 0x00000000e2900000, 0x0000000100000000)
  eden space 31744K, 0% used [0x00000000e0000000,0x00000000e0000000,0x00000000e1f00000)
  from space 5120K, 81% used [0x00000000e1f00000,0x00000000e2315d08,0x00000000e2400000)
  to   space 5120K, 0% used [0x00000000e2400000,0x00000000e2400000,0x00000000e2900000)
 ParOldGen       total 84992K, used 16K [0x00000000a0000000, 0x00000000a5300000, 0x00000000e0000000)
  object space 84992K, 0% used [0x00000000a0000000,0x00000000a0004000,0x00000000a5300000)
 Metaspace       used 6822K, capacity 7056K, committed 7424K, reserved 1056768K
  class space    used 828K, capacity 908K, committed 1024K, reserved 1048576K
}
Event: 2.389 GC heap before
{Heap before GC invocations=2 (full 0):
 PSYoungGen      total 36864K, used 35927K [0x00000000e0000000, 0x00000000e2900000, 0x0000000100000000)
  eden space 31744K, 100% used [0x00000000e0000000,0x00000000e1f00000,0x00000000e1f00000)
  from space 5120K, 81% used [0x00000000e1f00000,0x00000000e2315d08,0x00000000e2400000)
  to   space 5120K, 0% used [0x00000000e2400000,0x00000000e2400000,0x00000000e2900000)
 ParOldGen       total 84992K, used 16K [0x00000000a0000000, 0x00000000a5300000, 0x00000000e0000000)
  object space 84992K, 0% used [0x00000000a0000000,0x00000000a0004000,0x00000000a5300000)
 Metaspace       used 7014K, capacity 7260K, committed 7424K, reserved 1056768K
  class space    used 844K, capacity 912K, committed 1024K, reserved 1048576K
Event: 2.398 GC heap after
Heap after GC invocations=2 (full 0):
 PSYoungGen      total 36864K, used 2925K [0x00000000e0000000, 0x00000000e4800000, 0x0000000100000000)
  eden space 31744K, 0% used [0x00000000e0000000,0x00000000e0000000,0x00000000e1f00000)
  from space 5120K, 57% used [0x00000000e2400000,0x00000000e26db6f0,0x00000000e2900000)
  to   space 5120K, 0% used [0x00000000e1f00000,0x00000000e1f00000,0x00000000e2400000)
 ParOldGen       total 84992K, used 24K [0x00000000a0000000, 0x00000000a5300000, 0x00000000e0000000)
  object space 84992K, 0% used [0x00000000a0000000,0x00000000a0006000,0x00000000a5300000)
 Metaspace       used 7014K, capacity 7260K, committed 7424K, reserved 1056768K
  class space    used 844K, capacity 912K, committed 1024K, reserved 1048576K
}
Event: 4.000 GC heap before
{Heap before GC invocations=3 (full 0):
 PSYoungGen      total 36864K, used 34669K [0x00000000e0000000, 0x00000000e4800000, 0x0000000100000000)
  eden space 31744K, 100% used [0x00000000e0000000,0x00000000e1f00000,0x00000000e1f00000)
  from space 5120K, 57% used [0x00000000e2400000,0x00000000e26db6f0,0x00000000e2900000)
  to   space 5120K, 0% used [0x00000000e1f00000,0x00000000e1f00000,0x00000000e2400000)
 ParOldGen       total 84992K, used 24K [0x00000000a0000000, 0x00000000a5300000, 0x00000000e0000000)
  object space 84992K, 0% used [0x00000000a0000000,0x00000000a0006000,0x00000000a5300000)
 Metaspace       used 11786K, capacity 12156K, committed 12544K, reserved 1060864K
  class space    used 1551K, capacity 1676K, committed 1792K, reserved 1048576K
Event: 4.014 GC heap after
Heap after GC invocations=3 (full 0):
 PSYoungGen      total 36864K, used 5104K [0x00000000e0000000, 0x00000000e4800000, 0x0000000100000000)
  eden space 31744K, 0% used [0x00000000e0000000,0x00000000e0000000,0x00000000e1f00000)
  from space 5120K, 99% used [0x00000000e1f00000,0x00000000e23fc030,0x00000000e2400000)
  to   space 5120K, 0% used [0x00000000e4300000,0x00000000e4300000,0x00000000e4800000)
 ParOldGen       total 84992K, used 697K [0x00000000a0000000, 0x00000000a5300000, 0x00000000e0000000)
  object space 84992K, 0% used [0x00000000a0000000,0x00000000a00ae558,0x00000000a5300000)
 Metaspace       used 11786K, capacity 12156K, committed 12544K, reserved 1060864K
  class space    used 1551K, capacity 1676K, committed 1792K, reserved 1048576K
}

Deoptimization events (10 events):
Event: 0.540 Thread 0x000000000120e800 Uncommon trap: reason=unstable_if action=reinterpret pc=0x00000000031fc818 method=java.lang.String.toLowerCase(Ljava/util/Locale;)Ljava/lang/String; @ 85
Event: 0.993 Thread 0x000000000120e800 Uncommon trap: reason=unstable_if action=reinterpret pc=0x000000000320a1c0 method=java.util.regex.Matcher.reset()Ljava/util/regex/Matcher; @ 47
Event: 2.628 Thread 0x000000000120e800 Uncommon trap: reason=class_check action=maybe_recompile pc=0x000000000338eb98 method=java.util.regex.Matcher.match(II)Z @ 86
Event: 2.951 Thread 0x000000000120e800 Uncommon trap: reason=unstable_if action=reinterpret pc=0x0000000003341d8c method=java.util.HashMap.getNode(ILjava/lang/Object;)Ljava/util/HashMap$Node; @ 129
Event: 2.951 Thread 0x000000000120e800 Uncommon trap: reason=bimorphic action=maybe_recompile pc=0x0000000003332540 method=java.util.HashMap.putVal(ILjava/lang/Object;Ljava/lang/Object;ZZ)Ljava/lang/Object; @ 203
Event: 3.328 Thread 0x000000000120e800 Uncommon trap: reason=unstable_if action=reinterpret pc=0x0000000003349ca8 method=java.io.WinNTFileSystem.normalize(Ljava/lang/String;)Ljava/lang/String; @ 128
Event: 3.969 Thread 0x000000001a335800 Uncommon trap: reason=unstable_if action=reinterpret pc=0x00000000034a8fb0 method=java.util.concurrent.ConcurrentHashMap.putVal(Ljava/lang/Object;Ljava/lang/Object;Z)Ljava/lang/Object; @ 206
Event: 4.130 Thread 0x0000000019494800 Uncommon trap: reason=bimorphic action=maybe_recompile pc=0x0000000003331198 method=java.util.HashMap.putVal(ILjava/lang/Object;Ljava/lang/Object;ZZ)Ljava/lang/Object; @ 253
Event: 4.131 Thread 0x0000000019494800 Uncommon trap: reason=bimorphic action=maybe_recompile pc=0x0000000003331198 method=java.util.HashMap.putVal(ILjava/lang/Object;Ljava/lang/Object;ZZ)Ljava/lang/Object; @ 253
Event: 4.131 Thread 0x0000000019494800 Uncommon trap: reason=bimorphic action=maybe_recompile pc=0x0000000003331198 method=java.util.HashMap.putVal(ILjava/lang/Object;Ljava/lang/Object;ZZ)Ljava/lang/Object; @ 253

Classes redefined (0 events):
No events

Internal exceptions (10 events):
Event: 3.975 Thread 0x000000001a335800 Exception <a 'java/lang/NoSuchMethodError': <clinit>> (0x00000000e1e83198) thrown at [C:\src\AOSP-openjdk-git\hotspot\src\share\vm\prims\jni.cpp, line 1615]
Event: 3.980 Thread 0x000000001a335800 Exception <a 'java/lang/NoSuchMethodError': <clinit>> (0x00000000e1e95b08) thrown at [C:\src\AOSP-openjdk-git\hotspot\src\share\vm\prims\jni.cpp, line 1615]
Event: 3.986 Thread 0x000000001a335800 Exception <a 'java/lang/NoSuchMethodError': <clinit>> (0x00000000e1ebc720) thrown at [C:\src\AOSP-openjdk-git\hotspot\src\share\vm\prims\jni.cpp, line 1615]
Event: 3.989 Thread 0x000000001a335800 Exception <a 'java/lang/NoSuchMethodError': <clinit>> (0x00000000e1ed41a8) thrown at [C:\src\AOSP-openjdk-git\hotspot\src\share\vm\prims\jni.cpp, line 1615]
Event: 3.991 Thread 0x000000001a335800 Exception <a 'java/lang/NoSuchMethodError': <clinit>> (0x00000000e1edcd88) thrown at [C:\src\AOSP-openjdk-git\hotspot\src\share\vm\prims\jni.cpp, line 1615]
Event: 3.995 Thread 0x000000001a335800 Exception <a 'java/lang/NoSuchMethodError': <clinit>> (0x00000000e1ef3000) thrown at [C:\src\AOSP-openjdk-git\hotspot\src\share\vm\prims\jni.cpp, line 1615]
Event: 4.027 Thread 0x000000001a335800 Exception <a 'java/lang/NoSuchMethodError': <clinit>> (0x00000000e006ee50) thrown at [C:\src\AOSP-openjdk-git\hotspot\src\share\vm\prims\jni.cpp, line 1615]
Event: 4.043 Thread 0x000000001a335800 Exception <a 'java/lang/NoSuchMethodError': <clinit>> (0x00000000e009b2a8) thrown at [C:\src\AOSP-openjdk-git\hotspot\src\share\vm\prims\jni.cpp, line 1615]
Event: 4.057 Thread 0x000000001a335800 Exception <a 'java/lang/NoSuchMethodError': <clinit>> (0x00000000e00c8178) thrown at [C:\src\AOSP-openjdk-git\hotspot\src\share\vm\prims\jni.cpp, line 1615]
Event: 4.059 Thread 0x000000001a335800 Exception <a 'java/lang/NoSuchMethodError': <clinit>> (0x00000000e00d3218) thrown at [C:\src\AOSP-openjdk-git\hotspot\src\share\vm\prims\jni.cpp, line 1615]

Events (10 events):
Event: 4.336 loading class org/gradle/nativeplatform/toolchain/internal/gcc/metadata/SystemLibraryDiscovery
Event: 4.336 loading class org/gradle/nativeplatform/toolchain/internal/gcc/metadata/SystemLibraryDiscovery done
Event: 4.336 loading class org/gradle/plugin/use/internal/InjectedPluginClasspath
Event: 4.336 loading class org/gradle/plugin/use/internal/InjectedPluginClasspath done
Event: 4.337 loading class org/gradle/internal/scopeids/ScopeIdsServices
Event: 4.337 loading class org/gradle/internal/scopeids/ScopeIdsServices done
Event: 4.337 loading class org/gradle/internal/scopeids/PersistentScopeIdStoreFactory
Event: 4.337 loading class org/gradle/internal/scopeids/PersistentScopeIdStoreFactory done
Event: 4.338 loading class org/gradle/initialization/SessionLifecycleListener
Event: 4.338 loading class org/gradle/initialization/SessionLifecycleListener done


Dynamic libraries:
0x00007ff7a3410000 - 0x00007ff7a3441000 	C:\Program Files\Android\Android Studio\jre\bin\java.exe
0x00007ffe9d240000 - 0x00007ffe9d430000 	C:\Windows\SYSTEM32\ntdll.dll
0x00007ffe9bf20000 - 0x00007ffe9bfd2000 	C:\Windows\System32\KERNEL32.DLL
0x00007ffe9abd0000 - 0x00007ffe9ae74000 	C:\Windows\System32\KERNELBASE.dll
0x00007ffe9b7d0000 - 0x00007ffe9b873000 	C:\Windows\System32\ADVAPI32.dll
0x00007ffe9d160000 - 0x00007ffe9d1fe000 	C:\Windows\System32\msvcrt.dll
0x00007ffe9b900000 - 0x00007ffe9b997000 	C:\Windows\System32\sechost.dll
0x00007ffe9c330000 - 0x00007ffe9c450000 	C:\Windows\System32\RPCRT4.dll
0x00007ffe9ce80000 - 0x00007ffe9d014000 	C:\Windows\System32\USER32.dll
0x00007ffe9b2c0000 - 0x00007ffe9b2e1000 	C:\Windows\System32\win32u.dll
0x00007ffe9b9f0000 - 0x00007ffe9ba16000 	C:\Windows\System32\GDI32.dll
0x00007ffe9af40000 - 0x00007ffe9b0d5000 	C:\Windows\System32\gdi32full.dll
0x00007ffe9ae80000 - 0x00007ffe9af1e000 	C:\Windows\System32\msvcp_win.dll
0x00007ffe9b110000 - 0x00007ffe9b20a000 	C:\Windows\System32\ucrtbase.dll
0x00007ffe8c7e0000 - 0x00007ffe8ca64000 	C:\Windows\WinSxS\amd64_microsoft.windows.common-controls_6595b64144ccf1df_6.0.18362.900_none_e6beb9d913147d17\COMCTL32.dll
0x00007ffe9cb40000 - 0x00007ffe9ce75000 	C:\Windows\System32\combase.dll
0x00007ffe9a1d0000 - 0x00007ffe9a250000 	C:\Windows\System32\bcryptPrimitives.dll
0x00007ffe9b9b0000 - 0x00007ffe9b9de000 	C:\Windows\System32\IMM32.DLL
0x000000005a160000 - 0x000000005a232000 	C:\Program Files\Android\Android Studio\jre\jre\bin\msvcr100.dll
0x000000005a320000 - 0x000000005ab6b000 	C:\Program Files\Android\Android Studio\jre\jre\bin\server\jvm.dll
0x00007ffe9b9a0000 - 0x00007ffe9b9a8000 	C:\Windows\System32\PSAPI.DLL
0x00007ffe96ba0000 - 0x00007ffe96ba9000 	C:\Windows\SYSTEM32\WSOCK32.dll
0x00007ffe9bca0000 - 0x00007ffe9bd0f000 	C:\Windows\System32\WS2_32.dll
0x00007ffe96d90000 - 0x00007ffe96db4000 	C:\Windows\SYSTEM32\WINMM.dll
0x00007ffe929f0000 - 0x00007ffe929fa000 	C:\Windows\SYSTEM32\VERSION.dll
0x00007ffe96d60000 - 0x00007ffe96d8d000 	C:\Windows\SYSTEM32\WINMMBASE.dll
0x00007ffe9a9d0000 - 0x00007ffe9aa1a000 	C:\Windows\System32\cfgmgr32.dll
0x00007ffe96b80000 - 0x00007ffe96b8f000 	C:\Program Files\Android\Android Studio\jre\jre\bin\verify.dll
0x00007ffe8c0a0000 - 0x00007ffe8c0c9000 	C:\Program Files\Android\Android Studio\jre\jre\bin\java.dll
0x00007ffe8d390000 - 0x00007ffe8d3a6000 	C:\Program Files\Android\Android Studio\jre\jre\bin\zip.dll
0x00007ffe9c450000 - 0x00007ffe9cb36000 	C:\Windows\System32\SHELL32.dll
0x00007ffe9bac0000 - 0x00007ffe9bb69000 	C:\Windows\System32\shcore.dll
0x00007ffe9a250000 - 0x00007ffe9a9d0000 	C:\Windows\System32\windows.storage.dll
0x00007ffe9a180000 - 0x00007ffe9a1a3000 	C:\Windows\System32\profapi.dll
0x00007ffe9a110000 - 0x00007ffe9a15a000 	C:\Windows\System32\powrprof.dll
0x00007ffe9a100000 - 0x00007ffe9a110000 	C:\Windows\System32\UMPDC.dll
0x00007ffe9b770000 - 0x00007ffe9b7c2000 	C:\Windows\System32\shlwapi.dll
0x00007ffe9a1b0000 - 0x00007ffe9a1c1000 	C:\Windows\System32\kernel.appcore.dll
0x00007ffe9af20000 - 0x00007ffe9af37000 	C:\Windows\System32\cryptsp.dll
0x00007ffe8c170000 - 0x00007ffe8c18a000 	C:\Program Files\Android\Android Studio\jre\jre\bin\net.dll
0x00007ffe99910000 - 0x00007ffe99977000 	C:\Windows\system32\mswsock.dll
0x00007ffe89160000 - 0x00007ffe89173000 	C:\Program Files\Android\Android Studio\jre\jre\bin\nio.dll
0x00007ffe95fe0000 - 0x00007ffe96006000 	C:\Users\White_Tiger\.gradle\native\30\windows-amd64\native-platform.dll
0x00007ffe96230000 - 0x00007ffe9623d000 	C:\Program Files\Android\Android Studio\jre\jre\bin\management.dll
0x00007ffe99480000 - 0x00007ffe994b3000 	C:\Windows\system32\rsaenh.dll
0x00007ffe9b0e0000 - 0x00007ffe9b106000 	C:\Windows\System32\bcrypt.dll
0x00007ffe9a020000 - 0x00007ffe9a045000 	C:\Windows\SYSTEM32\USERENV.dll
0x00007ffe99ae0000 - 0x00007ffe99aec000 	C:\Windows\SYSTEM32\CRYPTBASE.dll
0x00007ffe99620000 - 0x00007ffe9965a000 	C:\Windows\SYSTEM32\IPHLPAPI.DLL
0x00007ffe9b2f0000 - 0x00007ffe9b2f8000 	C:\Windows\System32\NSI.dll
0x00007ffe924c0000 - 0x00007ffe924d6000 	C:\Windows\SYSTEM32\dhcpcsvc6.DLL
0x00007ffe924e0000 - 0x00007ffe924fc000 	C:\Windows\SYSTEM32\dhcpcsvc.DLL
0x00007ffe99660000 - 0x00007ffe9972b000 	C:\Windows\SYSTEM32\DNSAPI.dll

VM Arguments:
jvm_args: -Xmx1536m -Dfile.encoding=windows-1252 -Duser.country=US -Duser.language=en -Duser.variant 
java_command: org.gradle.launcher.daemon.bootstrap.GradleDaemon 5.6.4
java_class_path (initial): C:\Users\White_Tiger\.gradle\wrapper\dists\gradle-5.6.4-all\ankdp27end7byghfw1q2sw75f\gradle-5.6.4\lib\gradle-launcher-5.6.4.jar
Launcher Type: SUN_STANDARD

Environment Variables:
JAVA_HOME=C:\Program Files\Java\jdk1.8.0_212
PATH=C:\Program Files (x86)\Common Files\Oracle\Java\javapath;C:\Windows\system32;C:\Windows;C:\Windows\System32\Wbem;C:\Windows\System32\WindowsPowerShell\v1.0\;C:\Windows\System32\OpenSSH\;C:\Program Files\Java\jdk1.8.0_212\bin;C:\Program Files\Git\cmd;C:\Program Files\apache-maven-3.6.3\bin;C:\Users\White_Tiger\AppData\Local\Android\Sdk\platform-tools;C:\Program Files (x86)\Micro Focus\Unified Functional Testing\bin;C:\Users\White_Tiger\AppData\Local\Programs\Python\Python38\Scripts\;C:\Users\White_Tiger\AppData\Local\Programs\Python\Python38\;C:\Program Files\MySQL\MySQL Shell 8.0\bin\;C:\Users\White_Tiger\AppData\Local\Microsoft\WindowsApps;;C:\Users\White_Tiger\AppData\Local\Programs\Microsoft VS Code\bin
USERNAME=White_Tiger
OS=Windows_NT
PROCESSOR_IDENTIFIER=Intel64 Family 6 Model 78 Stepping 3, GenuineIntel



---------------  S Y S T E M  ---------------

OS: Windows 10.0 , 64 bit Build 18362 (10.0.18362.900)

CPU:total 4 (initial active 4) (2 cores per cpu, 2 threads per core) family 6 model 78 stepping 3, cmov, cx8, fxsr, mmx, sse, sse2, sse3, ssse3, sse4.1, sse4.2, popcnt, avx, avx2, aes, clmul, erms, 3dnowpref, lzcnt, ht, tsc, tscinvbit, bmi1, bmi2, adx

Memory: 4k page, physical 8080924k(1342688k free), swap 8080924k(1108k free)

vm_info: OpenJDK 64-Bit Server VM (25.242-b01) for windows-amd64 JRE (1.8.0_242-release-1644-b01), built by "builder" with MS VC++ 10.0 (VS2010)

time: Thu Jul 02 02:07:28 2020
timezone: SE Asia Standard Time
elapsed time: 4 seconds (0d 0h 0m 4s)

